<?xml version="1.0" encoding="UTF-8"?>
<testng-results ignored="0" total="1" passed="1" failed="0" skipped="0">
  <reporter-output>
  </reporter-output>
  <suite started-at="2024-12-31T12:45:49 IST" name="Suite" finished-at="2024-12-31T12:45:59 IST" duration-ms="9601">
    <groups>
    </groups>
    <test started-at="2024-12-31T12:45:49 IST" name="Test" finished-at="2024-12-31T12:45:59 IST" duration-ms="9601">
      <class name="TestCase.Logintc">
        <test-method is-config="true" signature="invockbrowser()[pri:0, instance:TestCase.Logintc@42e99e4a]" started-at="2024-12-31T12:45:37 IST" name="invockbrowser" finished-at="2024-12-31T12:45:49 IST" duration-ms="12080" status="PASS">
          <reporter-output>
          </reporter-output>
        </test-method> <!-- invockbrowser -->
        <test-method signature="TC1()[pri:1, instance:TestCase.Logintc@42e99e4a]" started-at="2024-12-31T12:45:51 IST" name="TC1" finished-at="2024-12-31T12:45:59 IST" duration-ms="8190" status="PASS">
          <reporter-output>
          </reporter-output>
        </test-method> <!-- TC1 -->
        <test-method is-config="true" signature="closebrowser()[pri:0, instance:TestCase.Logintc@42e99e4a]" started-at="2024-12-31T12:46:01 IST" name="closebrowser" finished-at="2024-12-31T12:46:03 IST" duration-ms="1406" status="PASS">
          <reporter-output>
          </reporter-output>
        </test-method> <!-- closebrowser -->
      </class> <!-- TestCase.Logintc -->
    </test> <!-- Test -->
  </suite> <!-- Suite -->
</testng-results>
