<?xml version="1.0" encoding="UTF-8"?>
<testng-results ignored="0" total="1" passed="1" failed="0" skipped="0">
  <reporter-output>
  </reporter-output>
  <suite started-at="2024-12-30T22:16:04 IST" name="Suite" finished-at="2024-12-30T22:16:10 IST" duration-ms="6248">
    <groups>
    </groups>
    <test started-at="2024-12-30T22:16:04 IST" name="Test" finished-at="2024-12-30T22:16:10 IST" duration-ms="6248">
      <class name="TestCase.Logintc">
        <test-method is-config="true" signature="invockbrowser()[pri:0, instance:TestCase.Logintc@38425407]" started-at="2024-12-30T22:15:53 IST" name="invockbrowser" finished-at="2024-12-30T22:16:04 IST" duration-ms="11019" status="PASS">
          <reporter-output>
          </reporter-output>
        </test-method> <!-- invockbrowser -->
        <test-method signature="TC1()[pri:1, instance:TestCase.Logintc@38425407]" started-at="2024-12-30T22:16:06 IST" name="TC1" finished-at="2024-12-30T22:16:10 IST" duration-ms="4261" status="PASS">
          <reporter-output>
          </reporter-output>
        </test-method> <!-- TC1 -->
        <test-method is-config="true" signature="closebrowser()[pri:0, instance:TestCase.Logintc@38425407]" started-at="2024-12-30T22:16:12 IST" name="closebrowser" finished-at="2024-12-30T22:16:13 IST" duration-ms="850" status="PASS">
          <reporter-output>
          </reporter-output>
        </test-method> <!-- closebrowser -->
      </class> <!-- TestCase.Logintc -->
    </test> <!-- Test -->
  </suite> <!-- Suite -->
</testng-results>
